
=== Wed Feb 20 10:43:10 2019

Packages were changed.
Update Mode: updateDependencies

The following packages were added:
  com.unity.collab-proxy@1.2.15
The following packages were updated:
  com.unity.analytics from version 2.0.16 to 3.2.2
  com.unity.package-manager-ui from version 1.9.11 to 2.0.3
  com.unity.textmeshpro from version 1.2.4 to 1.3.0

=== Tue Apr  2 17:44:49 2019

Packages were changed.
Update Mode: updateDependencies

The following packages were updated:
  com.unity.package-manager-ui from version 2.0.3 to 2.0.7

<<<<<<< HEAD
=== Mon Aug 19 19:20:07 2019
=======
=== Sun Aug 18 15:04:15 2019
>>>>>>> fc0bbb2b24b94020226b3cf123ff0650b69e7622

Packages were changed.
Update Mode: updateDependencies

The following packages were added:
<<<<<<< HEAD
  com.unity.2d.tilemap@1.0.0
  com.unity.ext.nunit@1.0.0
  com.unity.test-framework@1.0.13
  com.unity.timeline@1.1.0
  com.unity.2d.sprite@1.0.0
  com.unity.ide.vscode@1.0.7
  com.unity.ide.rider@1.0.8
  com.unity.ugui@1.0.0
  com.unity.modules.androidjni@1.0.0
=======
  com.unity.timeline@1.0.0
>>>>>>> fc0bbb2b24b94020226b3cf123ff0650b69e7622
  com.unity.multiplayer-hlapi@1.0.2
  com.unity.xr.legacyinputhelpers@2.0.2
The following packages were updated:
  com.unity.analytics from version 3.2.2 to 3.3.2
  com.unity.collab-proxy from version 1.2.15 to 1.2.16
<<<<<<< HEAD
  com.unity.package-manager-ui from version 2.0.7 to 2.2.0
  com.unity.purchasing from version 2.0.3 to 2.0.6
  com.unity.textmeshpro from version 1.3.0 to 2.0.1

=== Tue Oct 29 22:45:28 2019
=======
  com.unity.package-manager-ui from version 2.0.7 to 2.1.2
  com.unity.purchasing from version 2.0.3 to 2.0.6
  com.unity.textmeshpro from version 1.3.0 to 2.0.1

=== Sun Aug 18 15:13:22 2019
>>>>>>> fc0bbb2b24b94020226b3cf123ff0650b69e7622

Packages were changed.
Update Mode: updateDependencies

<<<<<<< HEAD
The following packages were updated:
  com.unity.ide.rider from version 1.0.8 to 1.1.0
  com.unity.ide.vscode from version 1.0.7 to 1.1.2
=======
The following packages were added:
  com.unity.2d.tilemap@1.0.0
  com.unity.ext.nunit@1.0.0
  com.unity.test-framework@1.0.13
  com.unity.2d.sprite@1.0.0
  com.unity.ide.vscode@1.0.7
  com.unity.ide.rider@1.0.8
  com.unity.ugui@1.0.0
  com.unity.modules.androidjni@1.0.0
The following packages were updated:
  com.unity.package-manager-ui from version 2.1.2 to 2.2.0
  com.unity.timeline from version 1.0.0 to 1.1.0
>>>>>>> fc0bbb2b24b94020226b3cf123ff0650b69e7622
